Init the odrive
C:\Users\aurel\.odrive-agent\bin\odrive
C:\Users\aurel\odrive\Google Drive
Synced
champion.cloudf
aujoue
celuiciestlebon.cloudf
aujou.cloudf
Synced
champion.cloudf
celuiciestlebon.cloudf
aujou.cloudf
aujoue
2045
Synced
Active
defausse.txt
jeu.txt
pioche.txt
j1.txt
Synced
defausse.txt
jeu.txt
pioche.txt
j1.txt
Synced
defausse.txt
jeu.txt
pioche.txt
j1.txt
Active
defausse.txt
jeu.txt
pioche.txt
j1.txt
Synced
defausse.txt
jeu.txt
pioche.txt
j1.txt
Synced
defausse.txt
jeu.txt
pioche.txt
j1.txt
Synced
defausse.txt
jeu.txt
pioche.txt
j1.txt
Synced
defausse.txt
jeu.txt
pioche.txt
j1.txt
Synced
defausse.txt
jeu.txt
pioche.txt
j1.txt
Synced
defausse.txt
jeu.txt
pioche.txt
j1.txt
Synced
defausse.txt
jeu.txt
pioche.txt
j1.txt
Synced
defausse.txt
jeu.txt
pioche.txt
j1.txt
Synced
defausse.txt
jeu.txt
pioche.txt
j1.txt
Synced
defausse.txt
jeu.txt
pioche.txt
j1.txt
Synced
defausse.txt
jeu.txt
pioche.txt
j1.txt
Synced
defausse.txt
jeu.txt
pioche.txt
j1.txt
Synced
defausse.txt
jeu.txt
pioche.txt
j1.txt
Synced
defausse.txt
jeu.txt
pioche.txt
j1.txt
Synced
defausse.txt
jeu.txt
pioche.txt
j1.txt
Synced
defausse.txt
jeu.txt
pioche.txt
j1.txt
Synced
defausse.txt
jeu.txt
pioche.txt
j1.txt
Active
defausse.txt
jeu.txt
pioche.txt
j1.txt
Synced
defausse.txt
jeu.txt
pioche.txt
j2.txt.cloud
j1.txt
Synced
defausse.txt
jeu.txt
pioche.txt
j2.txt.cloud
j1.txt
C:\Users\aurel\odrive\Google Drive\Rami\2045\j2.txt
Synced
defausse.txt
j2.txt
pioche.txt
jeu.txt
j1.txt
